2019-01-02 16:24:35,485 - __main__ - INFO - APP_Q_DATA.py - ReadMain - 232  - EXP_DATA_CONF.xml
2019-01-02 16:24:35,486 - __main__ - INFO - APP_Q_DATA.py - ReadMain - 234  - F:\PycharmProjects\test\test\export_data\EXP_DATA_CONF.xml
2019-01-02 16:25:48,771 - __main__ - INFO - APP_Q_DATA V0.1.py - ReadMain - 251  - EXP_DATA_CONF.xml
2019-01-02 16:25:48,771 - __main__ - INFO - APP_Q_DATA V0.1.py - ReadMain - 253  - F:\PycharmProjects\test\test\export_data\EXP_DATA_CONF.xml
2019-01-02 16:25:48,781 - __main__ - ERROR - APP_Q_DATA V0.1.py - createExcel - 200  - 创建保存Excel存在异常：[Errno 2] No such file or directory: '[].xlsx'
2019-01-02 16:27:32,046 - __main__ - INFO - APP_Q_DATA V0.1.py - ReadMain - 251  - EXP_DATA_CONF.xml
2019-01-02 16:27:32,047 - __main__ - INFO - APP_Q_DATA V0.1.py - ReadMain - 253  - F:\PycharmProjects\test\test\export_data\EXP_DATA_CONF.xml
2019-01-02 16:27:32,054 - __main__ - ERROR - APP_Q_DATA V0.1.py - createExcel - 200  - 创建保存Excel存在异常：[Errno 2] No such file or directory: '[].xlsx'
2019-01-02 16:29:11,519 - __main__ - INFO - APP_Q_DATA V0.1.py - ReadMain - 251  - EXP_DATA_CONF.xml
2019-01-02 16:29:11,520 - __main__ - INFO - APP_Q_DATA V0.1.py - ReadMain - 253  - F:\PycharmProjects\test\test\export_data\EXP_DATA_CONF.xml
2019-01-02 16:29:11,527 - __main__ - ERROR - APP_Q_DATA V0.1.py - createExcel - 200  - 创建保存Excel存在异常：[Errno 2] No such file or directory: '[].xlsx'
2019-01-02 16:30:59,528 - __main__ - INFO - APP_Q_DATA V0.1.py - ReadMain - 251  - EXP_DATA_CONF.xml
2019-01-02 16:30:59,528 - __main__ - INFO - APP_Q_DATA V0.1.py - ReadMain - 253  - F:\PycharmProjects\test\test\export_data\EXP_DATA_CONF.xml
2019-01-02 16:30:59,534 - __main__ - ERROR - APP_Q_DATA V0.1.py - createExcel - 200  - 创建保存Excel存在异常：[Errno 2] No such file or directory: '[].xlsx'
2019-01-02 16:32:49,860 - __main__ - INFO - APP_Q_DATA V0.1.py - ReadMain - 251  - EXP_DATA_CONF.xml
2019-01-02 16:32:49,861 - __main__ - INFO - APP_Q_DATA V0.1.py - ReadMain - 253  - F:\PycharmProjects\test\test\export_data\EXP_DATA_CONF.xml
2019-01-02 16:32:49,867 - __main__ - ERROR - APP_Q_DATA V0.1.py - createExcel - 200  - 创建保存Excel存在异常：[Errno 2] No such file or directory: '[].xlsx'
2019-01-02 16:33:06,591 - __main__ - INFO - APP_Q_DATA V0.1.py - ReadMain - 252  - EXP_DATA_CONF.xml
2019-01-02 16:33:06,592 - __main__ - INFO - APP_Q_DATA V0.1.py - ReadMain - 254  - F:\PycharmProjects\test\test\export_data\EXP_DATA_CONF.xml
2019-01-02 16:33:06,596 - __main__ - ERROR - APP_Q_DATA V0.1.py - createExcel - 201  - 创建保存Excel存在异常：[Errno 2] No such file or directory: '[].xlsx'
2019-01-02 16:34:37,947 - __main__ - INFO - APP_Q_DATA V0.1.py - ReadMain - 252  - EXP_DATA_CONF.xml
2019-01-02 16:34:37,947 - __main__ - INFO - APP_Q_DATA V0.1.py - ReadMain - 254  - F:\PycharmProjects\test\test\export_data\EXP_DATA_CONF.xml
2019-01-02 16:34:37,948 - __main__ - ERROR - APP_Q_DATA V0.1.py - ReadMain - 270  - 调用函数功能存在异常：MatchData() missing 1 required positional argument: 'dict_sheet_sql'
2019-01-02 16:35:01,207 - __main__ - INFO - APP_Q_DATA V0.1.py - ReadMain - 252  - EXP_DATA_CONF.xml
2019-01-02 16:35:01,207 - __main__ - INFO - APP_Q_DATA V0.1.py - ReadMain - 254  - F:\PycharmProjects\test\test\export_data\EXP_DATA_CONF.xml
2019-01-02 16:35:01,242 - __main__ - INFO - APP_Q_DATA V0.1.py - WriteNewDataToExcel - 161  - [<Worksheet "承保">] 无数据结果
2019-01-02 16:53:33,548 - __main__ - INFO - APP_Q_DATA V0.1.py - ReadMain - 242  - EXP_DATA_CONF.xml
2019-01-02 16:53:33,548 - __main__ - INFO - APP_Q_DATA V0.1.py - ReadMain - 244  - F:\PycharmProjects\test\test\export_data\EXP_DATA_CONF.xml
2019-01-02 16:53:33,587 - __main__ - INFO - APP_Q_DATA V0.1.py - WriteNewDataToExcel - 161  - [<Worksheet "承保">] 无数据结果
